{"/home/peter/mutsynchub/server/src/infrastructure/persistence/prisma/middleware/error-handling.middleware.ts": {"path":"/home/peter/mutsynchub/server/src/infrastructure/persistence/prisma/middleware/error-handling.middleware.ts","statementMap":{"0":{"start":{"line":2,"column":0},"end":{"line":2,"column":40}},"1":{"start":{"line":7,"column":21},"end":{"line":7,"column":35}},"2":{"start":{"line":8,"column":21},"end":{"line":8,"column":52}},"3":{"start":{"line":11,"column":2},"end":{"line":88,"column":4}},"4":{"start":{"line":16,"column":4},"end":{"line":87,"column":5}},"5":{"start":{"line":17,"column":6},"end":{"line":17,"column":32}},"6":{"start":{"line":20,"column":24},"end":{"line":25,"column":null}},"7":{"start":{"line":28,"column":25},"end":{"line":28,"column":27}},"8":{"start":{"line":29,"column":23},"end":{"line":29,"column":25}},"9":{"start":{"line":30,"column":6},"end":{"line":36,"column":7}},"10":{"start":{"line":31,"column":8},"end":{"line":31,"column":46}},"11":{"start":{"line":32,"column":8},"end":{"line":32,"column":42}},"12":{"start":{"line":34,"column":8},"end":{"line":34,"column":37}},"13":{"start":{"line":35,"column":8},"end":{"line":35,"column":24}},"14":{"start":{"line":39,"column":6},"end":{"line":65,"column":7}},"15":{"start":{"line":40,"column":8},"end":{"line":45,"column":11}},"16":{"start":{"line":46,"column":8},"end":{"line":48,"column":9}},"17":{"start":{"line":47,"column":11},"end":{"line":47,"column":76}},"18":{"start":{"line":49,"column":13},"end":{"line":65,"column":7}},"19":{"start":{"line":50,"column":8},"end":{"line":53,"column":11}},"20":{"start":{"line":54,"column":13},"end":{"line":65,"column":7}},"21":{"start":{"line":55,"column":8},"end":{"line":58,"column":11}},"22":{"start":{"line":60,"column":8},"end":{"line":64,"column":11}},"23":{"start":{"line":68,"column":6},"end":{"line":85,"column":7}},"24":{"start":{"line":69,"column":8},"end":{"line":84,"column":11}},"25":{"start":{"line":86,"column":6},"end":{"line":86,"column":18}},"26":{"start":{"line":5,"column":0},"end":{"line":5,"column":13}}},"fnMap":{"0":{"name":"(anonymous_0)","decl":{"start":{"line":6,"column":2},"end":{"line":6,"column":null}},"loc":{"start":{"line":8,"column":52},"end":{"line":9,"column":6}}},"1":{"name":"(anonymous_1)","decl":{"start":{"line":11,"column":11},"end":{"line":11,"column":16}},"loc":{"start":{"line":15,"column":6},"end":{"line":88,"column":3}}}},"branchMap":{"0":{"loc":{"start":{"line":30,"column":6},"end":{"line":36,"column":7}},"type":"if","locations":[{"start":{"line":30,"column":6},"end":{"line":36,"column":7}},{"start":{"line":33,"column":13},"end":{"line":36,"column":7}}]},"1":{"loc":{"start":{"line":30,"column":10},"end":{"line":30,"column":66}},"type":"binary-expr","locations":[{"start":{"line":30,"column":10},"end":{"line":30,"column":35}},{"start":{"line":30,"column":39},"end":{"line":30,"column":44}},{"start":{"line":30,"column":48},"end":{"line":30,"column":66}}]},"2":{"loc":{"start":{"line":39,"column":6},"end":{"line":65,"column":7}},"type":"if","locations":[{"start":{"line":39,"column":6},"end":{"line":65,"column":7}},{"start":{"line":49,"column":13},"end":{"line":65,"column":7}}]},"3":{"loc":{"start":{"line":44,"column":18},"end":{"line":44,"column":45}},"type":"cond-expr","locations":[{"start":{"line":44,"column":37},"end":{"line":44,"column":39}},{"start":{"line":44,"column":37},"end":{"line":44,"column":45}}]},"4":{"loc":{"start":{"line":44,"column":18},"end":{"line":44,"column":39}},"type":"binary-expr","locations":[{"start":{"line":44,"column":18},"end":{"line":44,"column":39}},{"start":{"line":44,"column":37},"end":{"line":44,"column":39}}]},"5":{"loc":{"start":{"line":46,"column":8},"end":{"line":48,"column":9}},"type":"if","locations":[{"start":{"line":46,"column":8},"end":{"line":48,"column":9}}]},"6":{"loc":{"start":{"line":49,"column":13},"end":{"line":65,"column":7}},"type":"if","locations":[{"start":{"line":49,"column":13},"end":{"line":65,"column":7}},{"start":{"line":54,"column":13},"end":{"line":65,"column":7}}]},"7":{"loc":{"start":{"line":54,"column":13},"end":{"line":65,"column":7}},"type":"if","locations":[{"start":{"line":54,"column":13},"end":{"line":65,"column":7}},{"start":{"line":59,"column":13},"end":{"line":65,"column":7}}]},"8":{"loc":{"start":{"line":68,"column":6},"end":{"line":85,"column":7}},"type":"if","locations":[{"start":{"line":68,"column":6},"end":{"line":85,"column":7}}]},"9":{"loc":{"start":{"line":70,"column":18},"end":{"line":70,"column":49}},"type":"binary-expr","locations":[{"start":{"line":70,"column":18},"end":{"line":70,"column":37}},{"start":{"line":70,"column":41},"end":{"line":70,"column":49}}]},"10":{"loc":{"start":{"line":70,"column":18},"end":{"line":70,"column":37}},"type":"cond-expr","locations":[{"start":{"line":70,"column":29},"end":{"line":70,"column":31}},{"start":{"line":70,"column":18},"end":{"line":70,"column":37}}]},"11":{"loc":{"start":{"line":70,"column":18},"end":{"line":70,"column":31}},"type":"binary-expr","locations":[{"start":{"line":70,"column":18},"end":{"line":70,"column":31}},{"start":{"line":70,"column":18},"end":{"line":70,"column":31}}]},"12":{"loc":{"start":{"line":71,"column":17},"end":{"line":71,"column":35}},"type":"cond-expr","locations":[{"start":{"line":71,"column":28},"end":{"line":71,"column":30}},{"start":{"line":71,"column":17},"end":{"line":71,"column":35}}]},"13":{"loc":{"start":{"line":71,"column":17},"end":{"line":71,"column":30}},"type":"binary-expr","locations":[{"start":{"line":71,"column":17},"end":{"line":71,"column":30}},{"start":{"line":71,"column":17},"end":{"line":71,"column":30}}]},"14":{"loc":{"start":{"line":73,"column":20},"end":{"line":73,"column":45}},"type":"binary-expr","locations":[{"start":{"line":73,"column":20},"end":{"line":73,"column":32}},{"start":{"line":73,"column":36},"end":{"line":73,"column":45}}]},"15":{"loc":{"start":{"line":75,"column":23},"end":{"line":75,"column":47}},"type":"cond-expr","locations":[{"start":{"line":75,"column":41},"end":{"line":75,"column":43}},{"start":{"line":75,"column":41},"end":{"line":75,"column":47}}]},"16":{"loc":{"start":{"line":75,"column":23},"end":{"line":75,"column":43}},"type":"binary-expr","locations":[{"start":{"line":75,"column":23},"end":{"line":75,"column":43}},{"start":{"line":75,"column":41},"end":{"line":75,"column":43}}]},"17":{"loc":{"start":{"line":75,"column":23},"end":{"line":75,"column":41}},"type":"cond-expr","locations":[{"start":{"line":75,"column":28},"end":{"line":75,"column":30}},{"start":{"line":75,"column":23},"end":{"line":75,"column":41}}]},"18":{"loc":{"start":{"line":75,"column":23},"end":{"line":75,"column":30}},"type":"binary-expr","locations":[{"start":{"line":75,"column":23},"end":{"line":75,"column":30}},{"start":{"line":75,"column":23},"end":{"line":75,"column":30}}]},"19":{"loc":{"start":{"line":82,"column":21},"end":{"line":82,"column":43}},"type":"cond-expr","locations":[{"start":{"line":82,"column":32},"end":{"line":82,"column":34}},{"start":{"line":82,"column":21},"end":{"line":82,"column":43}}]},"20":{"loc":{"start":{"line":82,"column":21},"end":{"line":82,"column":34}},"type":"binary-expr","locations":[{"start":{"line":82,"column":21},"end":{"line":82,"column":34}},{"start":{"line":82,"column":21},"end":{"line":82,"column":34}}]},"21":{"loc":{"start":{"line":83,"column":21},"end":{"line":83,"column":43}},"type":"cond-expr","locations":[{"start":{"line":83,"column":32},"end":{"line":83,"column":34}},{"start":{"line":83,"column":21},"end":{"line":83,"column":43}}]},"22":{"loc":{"start":{"line":83,"column":21},"end":{"line":83,"column":34}},"type":"binary-expr","locations":[{"start":{"line":83,"column":21},"end":{"line":83,"column":34}},{"start":{"line":83,"column":21},"end":{"line":83,"column":34}}]}},"s":{"0":1,"1":10,"2":10,"3":10,"4":5,"5":5,"6":4,"7":4,"8":4,"9":4,"10":4,"11":4,"12":0,"13":0,"14":4,"15":1,"16":1,"17":1,"18":3,"19":1,"20":2,"21":1,"22":1,"23":4,"24":4,"25":4,"26":1},"f":{"0":10,"1":5},"b":{"0":[4,0],"1":[4,4,4],"2":[1,3],"3":[0,1],"4":[1,1],"5":[1],"6":[1,2],"7":[1,1],"8":[4],"9":[4,4],"10":[4,0],"11":[4,4],"12":[4,0],"13":[4,4],"14":[4,0],"15":[0,4],"16":[4,4],"17":[0,4],"18":[4,4],"19":[4,0],"20":[4,4],"21":[4,0],"22":[4,4]}}
}
