TN:
SF:src/infrastructure/persistence/prisma/middleware/error-handling.middleware.ts
FN:6,(anonymous_0)
FN:11,(anonymous_1)
FNF:2
FNH:2
FNDA:10,(anonymous_0)
FNDA:5,(anonymous_1)
DA:2,1
DA:5,1
DA:7,10
DA:8,10
DA:11,10
DA:16,5
DA:17,5
DA:20,4
DA:28,4
DA:29,4
DA:30,4
DA:31,4
DA:32,4
DA:34,0
DA:35,0
DA:39,4
DA:40,1
DA:46,1
DA:47,1
DA:49,3
DA:50,1
DA:54,2
DA:55,1
DA:60,1
DA:68,4
DA:69,4
DA:86,4
LF:27
LH:25
BRDA:30,0,0,4
BRDA:30,0,1,0
BRDA:30,1,0,4
BRDA:30,1,1,4
BRDA:30,1,2,4
BRDA:39,2,0,1
BRDA:39,2,1,3
BRDA:44,3,0,0
BRDA:44,3,1,1
BRDA:44,4,0,1
BRDA:44,4,1,1
BRDA:46,5,0,1
BRDA:49,6,0,1
BRDA:49,6,1,2
BRDA:54,7,0,1
BRDA:54,7,1,1
BRDA:68,8,0,4
BRDA:70,9,0,4
BRDA:70,9,1,4
BRDA:70,10,0,4
BRDA:70,10,1,0
BRDA:70,11,0,4
BRDA:70,11,1,4
BRDA:71,12,0,4
BRDA:71,12,1,0
BRDA:71,13,0,4
BRDA:71,13,1,4
BRDA:73,14,0,4
BRDA:73,14,1,0
BRDA:75,15,0,0
BRDA:75,15,1,4
BRDA:75,16,0,4
BRDA:75,16,1,4
BRDA:75,17,0,0
BRDA:75,17,1,4
BRDA:75,18,0,4
BRDA:75,18,1,4
BRDA:82,19,0,4
BRDA:82,19,1,0
BRDA:82,20,0,4
BRDA:82,20,1,4
BRDA:83,21,0,4
BRDA:83,21,1,0
BRDA:83,22,0,4
BRDA:83,22,1,4
BRF:45
BRH:36
end_of_record
